Arguments: 
  /home/abhinav/.nvm/versions/node/v20.3.1/bin/node /home/abhinav/.nvm/versions/node/v20.3.1/bin/yarn install

PATH: 
  /home/abhinav/anaconda3/bin:/home/abhinav/anaconda3/condabin:/home/abhinav/.nvm/versions/node/v20.3.1/bin:/home/abhinav/.local/bin:/home/abhinav/bin:/usr/local/sbin:/usr/local/bin:/usr/sbin:/usr/bin:/sbin:/bin:/usr/games:/usr/local/games:/snap/bin:/snap/bin

Yarn version: 
  1.22.19

Node version: 
  20.3.1

Platform: 
  linux x64

Trace: 
  Error: https://registry.yarnpkg.com/next/-/next-14.2.4.tgz: ESOCKETTIMEDOUT
      at ClientRequest.<anonymous> (/home/abhinav/.nvm/versions/node/v20.3.1/lib/node_modules/yarn/lib/cli.js:141517:19)
      at Object.onceWrapper (node:events:625:28)
      at ClientRequest.emit (node:events:511:28)
      at TLSSocket.emitRequestTimeout (node:_http_client:840:9)
      at Object.onceWrapper (node:events:625:28)
      at TLSSocket.emit (node:events:523:35)
      at Socket._onTimeout (node:net:582:8)
      at listOnTimeout (node:internal/timers:573:17)
      at process.processTimers (node:internal/timers:514:7)

npm manifest: 
  {
    "name": "jenkinsdemo",
    "version": "0.1.0",
    "private": true,
    "scripts": {
      "dev": "next dev",
      "build": "next build",
      "start": "next start",
      "lint": "next lint"
    },
    "dependencies": {
      "react": "^18",
      "react-dom": "^18",
      "next": "14.2.4"
    },
    "devDependencies": {
      "typescript": "^5",
      "@types/node": "^20",
      "@types/react": "^18",
      "@types/react-dom": "^18",
      "postcss": "^8",
      "tailwindcss": "^3.4.1",
      "eslint": "^8",
      "eslint-config-next": "14.2.4"
    }
  }

yarn manifest: 
  No manifest

Lockfile: 
  No lockfile
